<?xml version="1.0" encoding="UTF-8"?>
<!-- Generated by org.testng.reporters.JUnitReportReporter -->
<testsuite hostname="DESKTOP-7HA4HJO" failures="0" tests="1" name="TC003getRequestHeaderVali" time="4.850" errors="0" timestamp="2022-01-30T16:25:19 IST" skipped="0">
  <testcase classname="TC003getRequestHeaderVali" name="getAllEmpDetails" time="4.850"/>
  <system-out/>
</testsuite> <!-- TC003getRequestHeaderVali -->
