<?xml version="1.0" encoding="UTF-8"?>
<!-- Generated by org.testng.reporters.JUnitReportReporter -->
<testsuite hostname="DESKTOP-7HA4HJO" failures="0" tests="1" name="QueryParam" time="4.755" errors="0" timestamp="2022-02-03T16:32:37 IST" skipped="0">
  <testcase classname="QueryParam" name="queryParameter" time="4.755"/>
  <system-out/>
</testsuite> <!-- QueryParam -->
