<?xml version="1.0" encoding="UTF-8"?>
<!-- Generated by org.testng.reporters.JUnitReportReporter -->
<testsuite hostname="DESKTOP-7HA4HJO" failures="0" tests="1" name="TC001getRequest" time="6.839" errors="0" timestamp="2022-01-31T14:34:28 IST" skipped="0">
  <testcase classname="TC001getRequest" name="getEmpDetails" time="6.839"/>
  <system-out/>
</testsuite> <!-- TC001getRequest -->
