<?xml version="1.0" encoding="UTF-8"?>
<!-- Generated by org.testng.reporters.JUnitReportReporter -->
<testsuite hostname="DESKTOP-7HA4HJO" failures="0" tests="1" name="TC002postRequest" time="5.512" errors="0" timestamp="2022-01-30T16:02:27 IST" skipped="0">
  <testcase classname="TC002postRequest" name="createEmpDetails" time="5.512"/>
  <system-out/>
</testsuite> <!-- TC002postRequest -->
