<?xml version="1.0" encoding="UTF-8"?>
<!-- Generated by org.testng.reporters.JUnitReportReporter -->
<testsuite hostname="DESKTOP-7HA4HJO" failures="0" tests="1" name="PutMethodTest" time="5.332" errors="0" timestamp="2022-02-04T14:57:54 IST" skipped="0">
  <testcase classname="PutMethodTest" name="UpdateRecords" time="5.332"/>
  <system-out/>
</testsuite> <!-- PutMethodTest -->
