<?xml version="1.0" encoding="UTF-8"?>
<!-- Generated by org.testng.reporters.JUnitReportReporter -->
<testsuite hostname="Shraddha" failures="0" tests="1" name="SimpleGetTest" time="4.474" errors="0" timestamp="2022-02-06T17:01:19 IST" skipped="0">
  <testcase classname="SimpleGetTest" name="GetWeatherDetails" time="4.474"/>
  <system-out/>
</testsuite> <!-- SimpleGetTest -->
