<?xml version="1.0" encoding="UTF-8"?>
<!-- Generated by org.testng.reporters.JUnitReportReporter -->
<testsuite hostname="DESKTOP-7HA4HJO" failures="0" tests="1" name="DeleteMethodTest" time="1.611" errors="0" timestamp="2022-02-04T15:13:48 IST" skipped="0">
  <testcase classname="DeleteMethodTest" name="deleteBook" time="1.611"/>
  <system-out/>
</testsuite> <!-- DeleteMethodTest -->
