<?xml version="1.0" encoding="UTF-8"?>
<!-- Generated by org.testng.reporters.JUnitReportReporter -->
<testsuite skipped="0" hostname="Shraddha" name="SimpleGetTest" tests="1" failures="0" timestamp="2022-02-07T15:28:04 IST" time="2.106" errors="0">
  <testcase name="GetWeatherDetails" time="2.106" classname="SimpleGetTest"/>
  <system-out/>
</testsuite> <!-- SimpleGetTest -->
