<?xml version="1.0" encoding="UTF-8"?>
<!-- Generated by org.testng.reporters.JUnitReportReporter -->
<testsuite skipped="0" hostname="Shraddha" name="DeleteMethodTest" tests="1" failures="0" timestamp="2022-02-07T15:28:04 IST" time="1.016" errors="0">
  <testcase name="deleteBook" time="1.016" classname="DeleteMethodTest"/>
  <system-out/>
</testsuite> <!-- DeleteMethodTest -->
